This file contains any messages produced by compilers while
running configure, to aid debugging if configure makes a mistake.

It was created by configure, which was
generated by GNU Autoconf 2.59.  Invocation command line was

  $ ./configure --prefix=/usr --bindir=${exec_prefix}/sbin --mandir=${exec_prefix}/share/man --enable-smbalerts --without-mysql --without-postgresql --enable-prelude

## --------- ##
## Platform. ##
## --------- ##

hostname = silicio
uname -m = i686
uname -r = 2.6.22-1-686
uname -s = Linux
uname -v = #1 SMP Mon Jul 23 13:23:02 UTC 2007

/usr/bin/uname -p = unknown
/bin/uname -X     = unknown

/bin/arch              = i686
/usr/bin/arch -k       = unknown
/usr/convex/getsysinfo = unknown
hostinfo               = unknown
/bin/machine           = unknown
/usr/bin/oslevel       = unknown
/bin/universe          = unknown

PATH: /home/jfs/bin
PATH: /sbin
PATH: /usr/sbin
PATH: /usr/local/bin
PATH: /usr/bin
PATH: /bin
PATH: /usr/bin/X11
PATH: /usr/games


## ----------- ##
## Core tests. ##
## ----------- ##

configure:1581: checking for a BSD-compatible install
configure:1636: result: /usr/bin/install -c
configure:1647: checking whether build environment is sane
configure:1690: result: yes
configure:1755: checking for gawk
configure:1771: found /usr/bin/gawk
configure:1781: result: gawk
configure:1791: checking whether make sets $(MAKE)
configure:1811: result: yes
configure:1988: checking whether to enable maintainer-specific portions of Makefiles
configure:1997: result: no
configure:2024: checking for style of include used by make
configure:2052: result: GNU
configure:2123: checking for gcc
configure:2139: found /usr/bin/gcc
configure:2149: result: gcc
configure:2393: checking for C compiler version
configure:2396: gcc --version </dev/null >&5
gcc (GCC) 4.1.3 20070629 (prerelease) (Debian 4.1.2-13)
Copyright (C) 2006 Free Software Foundation, Inc.
This is free software; see the source for copying conditions.  There is NO
warranty; not even for MERCHANTABILITY or FITNESS FOR A PARTICULAR PURPOSE.

configure:2399: $? = 0
configure:2401: gcc -v </dev/null >&5
Using built-in specs.
Target: i486-linux-gnu
Configured with: ../src/configure -v --enable-languages=c,c++,fortran,objc,obj-c++,treelang --prefix=/usr --enable-shared --with-system-zlib --libexecdir=/usr/lib --without-included-gettext --enable-threads=posix --enable-nls --with-gxx-include-dir=/usr/include/c++/4.1.3 --program-suffix=-4.1 --enable-__cxa_atexit --enable-clocale=gnu --enable-libstdcxx-debug --enable-mpfr --with-tune=i686 --enable-checking=release i486-linux-gnu
Thread model: posix
gcc version 4.1.3 20070629 (prerelease) (Debian 4.1.2-13)
configure:2404: $? = 0
configure:2406: gcc -V </dev/null >&5
gcc: '-V' option must have argument
configure:2409: $? = 1
configure:2432: checking for C compiler default output file name
configure:2435: gcc -g -O2 -D_GNU_SOURCE   conftest.c  >&5
configure:2438: $? = 0
configure:2484: result: a.out
configure:2489: checking whether the C compiler works
configure:2495: ./a.out
configure:2498: $? = 0
configure:2515: result: yes
configure:2522: checking whether we are cross compiling
configure:2524: result: no
configure:2527: checking for suffix of executables
configure:2529: gcc -o conftest -g -O2 -D_GNU_SOURCE   conftest.c  >&5
configure:2532: $? = 0
configure:2557: result: 
configure:2563: checking for suffix of object files
configure:2584: gcc -c -g -O2 -D_GNU_SOURCE  conftest.c >&5
configure:2587: $? = 0
configure:2609: result: o
configure:2613: checking whether we are using the GNU C compiler
configure:2637: gcc -c -g -O2 -D_GNU_SOURCE  conftest.c >&5
configure:2643: $? = 0
configure:2647: test -z 
			 || test ! -s conftest.err
configure:2650: $? = 0
configure:2653: test -s conftest.o
configure:2656: $? = 0
configure:2669: result: yes
configure:2675: checking whether gcc accepts -g
configure:2696: gcc -c -g  conftest.c >&5
configure:2702: $? = 0
configure:2706: test -z 
			 || test ! -s conftest.err
configure:2709: $? = 0
configure:2712: test -s conftest.o
configure:2715: $? = 0
configure:2726: result: yes
configure:2743: checking for gcc option to accept ANSI C
configure:2813: gcc  -c -g -O2 -D_GNU_SOURCE  conftest.c >&5
configure:2819: $? = 0
configure:2823: test -z 
			 || test ! -s conftest.err
configure:2826: $? = 0
configure:2829: test -s conftest.o
configure:2832: $? = 0
configure:2850: result: none needed
configure:2868: gcc -c -g -O2 -D_GNU_SOURCE  conftest.c >&5
conftest.c:2: error: expected '=', ',', ';', 'asm' or '__attribute__' before 'me'
configure:2874: $? = 1
configure: failed program was:
| #ifndef __cplusplus
|   choke me
| #endif
configure:3009: checking dependency style of gcc
configure:3099: result: gcc3
configure:3160: checking for ranlib
configure:3176: found /usr/bin/ranlib
configure:3187: result: ranlib
configure:3245: checking for gcc
configure:3271: result: gcc
configure:3515: checking for C compiler version
configure:3518: gcc --version </dev/null >&5
gcc (GCC) 4.1.3 20070629 (prerelease) (Debian 4.1.2-13)
Copyright (C) 2006 Free Software Foundation, Inc.
This is free software; see the source for copying conditions.  There is NO
warranty; not even for MERCHANTABILITY or FITNESS FOR A PARTICULAR PURPOSE.

configure:3521: $? = 0
configure:3523: gcc -v </dev/null >&5
Using built-in specs.
Target: i486-linux-gnu
Configured with: ../src/configure -v --enable-languages=c,c++,fortran,objc,obj-c++,treelang --prefix=/usr --enable-shared --with-system-zlib --libexecdir=/usr/lib --without-included-gettext --enable-threads=posix --enable-nls --with-gxx-include-dir=/usr/include/c++/4.1.3 --program-suffix=-4.1 --enable-__cxa_atexit --enable-clocale=gnu --enable-libstdcxx-debug --enable-mpfr --with-tune=i686 --enable-checking=release i486-linux-gnu
Thread model: posix
gcc version 4.1.3 20070629 (prerelease) (Debian 4.1.2-13)
configure:3526: $? = 0
configure:3528: gcc -V </dev/null >&5
gcc: '-V' option must have argument
configure:3531: $? = 1
configure:3534: checking whether we are using the GNU C compiler
configure:3590: result: yes
configure:3596: checking whether gcc accepts -g
configure:3647: result: yes
configure:3664: checking for gcc option to accept ANSI C
configure:3771: result: none needed
configure:3789: gcc -c -g -O2 -D_GNU_SOURCE  conftest.c >&5
conftest.c:2: error: expected '=', ',', ';', 'asm' or '__attribute__' before 'me'
configure:3795: $? = 1
configure: failed program was:
| #ifndef __cplusplus
|   choke me
| #endif
configure:3930: checking dependency style of gcc
configure:4020: result: gcc3
configure:4115: checking build system type
configure:4133: result: i686-pc-linux-gnu
configure:4141: checking host system type
configure:4155: result: i686-pc-linux-gnu
configure:4163: checking for a sed that does not truncate output
configure:4219: result: /bin/sed
configure:4222: checking for egrep
configure:4232: result: grep -E
configure:4248: checking for ld used by gcc
configure:4315: result: /usr/bin/ld
configure:4324: checking if the linker (/usr/bin/ld) is GNU ld
configure:4339: result: yes
configure:4344: checking for /usr/bin/ld option to reload object files
configure:4351: result: -r
configure:4369: checking for BSD-compatible nm
configure:4418: result: /usr/bin/nm -B
configure:4422: checking whether ln -s works
configure:4426: result: yes
configure:4433: checking how to recognise dependent libraries
configure:4609: result: pass_all
configure:4846: checking how to run the C preprocessor
configure:4881: gcc -E  conftest.c
configure:4887: $? = 0
configure:4919: gcc -E  conftest.c
conftest.c:11:28: error: ac_nonexistent.h: No such file or directory
configure:4925: $? = 1
configure: failed program was:
| /* confdefs.h.  */
| 
| #define PACKAGE_NAME ""
| #define PACKAGE_TARNAME ""
| #define PACKAGE_VERSION ""
| #define PACKAGE_STRING ""
| #define PACKAGE_BUGREPORT ""
| #define PACKAGE "snort"
| #define VERSION "2.7.0"
| /* end confdefs.h.  */
| #include <ac_nonexistent.h>
configure:4964: result: gcc -E
configure:4988: gcc -E  conftest.c
configure:4994: $? = 0
configure:5026: gcc -E  conftest.c
conftest.c:11:28: error: ac_nonexistent.h: No such file or directory
configure:5032: $? = 1
configure: failed program was:
| /* confdefs.h.  */
| 
| #define PACKAGE_NAME ""
| #define PACKAGE_TARNAME ""
| #define PACKAGE_VERSION ""
| #define PACKAGE_STRING ""
| #define PACKAGE_BUGREPORT ""
| #define PACKAGE "snort"
| #define VERSION "2.7.0"
| /* end confdefs.h.  */
| #include <ac_nonexistent.h>
configure:5076: checking for ANSI C header files
configure:5101: gcc -c -g -O2 -D_GNU_SOURCE  conftest.c >&5
configure:5107: $? = 0
configure:5111: test -z 
			 || test ! -s conftest.err
configure:5114: $? = 0
configure:5117: test -s conftest.o
configure:5120: $? = 0
configure:5209: gcc -o conftest -g -O2 -D_GNU_SOURCE   conftest.c  >&5
conftest.c: In function 'main':
conftest.c:28: warning: incompatible implicit declaration of built-in function 'exit'
configure:5212: $? = 0
configure:5214: ./conftest
configure:5217: $? = 0
configure:5232: result: yes
configure:5256: checking for sys/types.h
configure:5272: gcc -c -g -O2 -D_GNU_SOURCE  conftest.c >&5
configure:5278: $? = 0
configure:5282: test -z 
			 || test ! -s conftest.err
configure:5285: $? = 0
configure:5288: test -s conftest.o
configure:5291: $? = 0
configure:5302: result: yes
configure:5256: checking for sys/stat.h
configure:5272: gcc -c -g -O2 -D_GNU_SOURCE  conftest.c >&5
configure:5278: $? = 0
configure:5282: test -z 
			 || test ! -s conftest.err
configure:5285: $? = 0
configure:5288: test -s conftest.o
configure:5291: $? = 0
configure:5302: result: yes
configure:5256: checking for stdlib.h
configure:5272: gcc -c -g -O2 -D_GNU_SOURCE  conftest.c >&5
configure:5278: $? = 0
configure:5282: test -z 
			 || test ! -s conftest.err
configure:5285: $? = 0
configure:5288: test -s conftest.o
configure:5291: $? = 0
configure:5302: result: yes
configure:5256: checking for string.h
configure:5272: gcc -c -g -O2 -D_GNU_SOURCE  conftest.c >&5
configure:5278: $? = 0
configure:5282: test -z 
			 || test ! -s conftest.err
configure:5285: $? = 0
configure:5288: test -s conftest.o
configure:5291: $? = 0
configure:5302: result: yes
configure:5256: checking for memory.h
configure:5272: gcc -c -g -O2 -D_GNU_SOURCE  conftest.c >&5

## ---------------- ##
## Cache variables. ##
## ---------------- ##

ac_cv_build=i686-pc-linux-gnu
ac_cv_build_alias=i686-pc-linux-gnu
ac_cv_c_compiler_gnu=yes
ac_cv_env_CC_set=
ac_cv_env_CC_value=
ac_cv_env_CFLAGS_set=set
ac_cv_env_CFLAGS_value='-g -O2 -D_GNU_SOURCE'
ac_cv_env_CPPFLAGS_set=
ac_cv_env_CPPFLAGS_value=
ac_cv_env_CPP_set=
ac_cv_env_CPP_value=
ac_cv_env_CXXCPP_set=
ac_cv_env_CXXCPP_value=
ac_cv_env_CXXFLAGS_set=
ac_cv_env_CXXFLAGS_value=
ac_cv_env_CXX_set=
ac_cv_env_CXX_value=
ac_cv_env_F77_set=
ac_cv_env_F77_value=
ac_cv_env_FFLAGS_set=
ac_cv_env_FFLAGS_value=
ac_cv_env_LDFLAGS_set=
ac_cv_env_LDFLAGS_value=
ac_cv_env_build_alias_set=
ac_cv_env_build_alias_value=
ac_cv_env_host_alias_set=
ac_cv_env_host_alias_value=
ac_cv_env_target_alias_set=
ac_cv_env_target_alias_value=
ac_cv_exeext=
ac_cv_header_stdc=yes
ac_cv_header_stdlib_h=yes
ac_cv_header_string_h=yes
ac_cv_header_sys_stat_h=yes
ac_cv_header_sys_types_h=yes
ac_cv_host=i686-pc-linux-gnu
ac_cv_host_alias=i686-pc-linux-gnu
ac_cv_objext=o
ac_cv_path_install='/usr/bin/install -c'
ac_cv_prog_AWK=gawk
ac_cv_prog_CPP='gcc -E'
ac_cv_prog_ac_ct_CC=gcc
ac_cv_prog_ac_ct_RANLIB=ranlib
ac_cv_prog_cc_g=yes
ac_cv_prog_cc_stdc=
ac_cv_prog_egrep='grep -E'
ac_cv_prog_make_make_set=yes
am_cv_CC_dependencies_compiler_type=gcc3
am_cv_prog_cc_stdc=
lt_cv_deplibs_check_method=pass_all
lt_cv_file_magic_cmd='$MAGIC_CMD'
lt_cv_file_magic_test_file=
lt_cv_ld_reload_flag=-r
lt_cv_path_LD=/usr/bin/ld
lt_cv_path_NM='/usr/bin/nm -B'
lt_cv_path_SED=/bin/sed
lt_cv_prog_gnu_ld=yes

## ----------------- ##
## Output variables. ##
## ----------------- ##

ACLOCAL='${SHELL} /home/devel/debian/security/snort/packages/2.7/snort-2.7.0/missing --run aclocal-1.9'
AMDEPBACKSLASH='\'
AMDEP_FALSE='#'
AMDEP_TRUE=''
AMTAR='${SHELL} /home/devel/debian/security/snort/packages/2.7/snort-2.7.0/missing --run tar'
AR=''
AUTOCONF='${SHELL} /home/devel/debian/security/snort/packages/2.7/snort-2.7.0/missing --run autoconf'
AUTOHEADER='${SHELL} /home/devel/debian/security/snort/packages/2.7/snort-2.7.0/missing --run autoheader'
AUTOMAKE='${SHELL} /home/devel/debian/security/snort/packages/2.7/snort-2.7.0/missing --run automake-1.9'
AWK='gawk'
CC='gcc'
CCDEPMODE='depmode=gcc3'
CFLAGS='-g -O2 -D_GNU_SOURCE'
CPP='gcc -E'
CPPFLAGS=''
CXX=''
CXXCPP=''
CXXDEPMODE=''
CXXFLAGS=''
CYGPATH_W='echo'
DEFS=''
DEPDIR='.deps'
ECHO='echo'
ECHO_C=''
ECHO_N='-n'
ECHO_T=''
EGREP='grep -E'
EXEEXT=''
F77=''
FFLAGS=''
HAVE_DYNAMIC_PLUGINS_FALSE=''
HAVE_DYNAMIC_PLUGINS_TRUE=''
INCLUDES=''
INSTALL_DATA='${INSTALL} -m 644'
INSTALL_PROGRAM='${INSTALL}'
INSTALL_SCRIPT='${INSTALL}'
INSTALL_STRIP_PROGRAM='${SHELL} $(install_sh) -c -s'
LDFLAGS=''
LIBOBJS=''
LIBPRELUDE_CFLAGS=''
LIBPRELUDE_CONFIG=''
LIBPRELUDE_CONFIG_PREFIX=''
LIBPRELUDE_LDFLAGS=''
LIBPRELUDE_LIBS=''
LIBPRELUDE_PREFIX=''
LIBPRELUDE_PTHREAD_CFLAGS=''
LIBS=''
LIBTOOL=''
LN_S='ln -s'
LTLIBOBJS=''
MAINT='#'
MAINTAINER_MODE_FALSE=''
MAINTAINER_MODE_TRUE='#'
MAKEINFO='${SHELL} /home/devel/debian/security/snort/packages/2.7/snort-2.7.0/missing --run makeinfo'
OBJEXT='o'
PACKAGE='snort'
PACKAGE_BUGREPORT=''
PACKAGE_NAME=''
PACKAGE_STRING=''
PACKAGE_TARNAME=''
PACKAGE_VERSION=''
PATH_SEPARATOR=':'
RANLIB='ranlib'
SED='/bin/sed'
SET_MAKE=''
SHELL='/bin/sh'
STRIP=''
VERSION='2.7.0'
ac_ct_AR=''
ac_ct_CC='gcc'
ac_ct_CXX=''
ac_ct_F77=''
ac_ct_RANLIB='ranlib'
ac_ct_STRIP=''
am__fastdepCC_FALSE='#'
am__fastdepCC_TRUE=''
am__fastdepCXX_FALSE=''
am__fastdepCXX_TRUE=''
am__include='include'
am__leading_dot='.'
am__quote=''
am__tar='${AMTAR} chof - "$$tardir"'
am__untar='${AMTAR} xf -'
bindir='${exec_prefix}/sbin'
build='i686-pc-linux-gnu'
build_alias=''
build_cpu='i686'
build_os='linux-gnu'
build_vendor='pc'
datadir='${prefix}/share'
exec_prefix='NONE'
extra_incl=''
host='i686-pc-linux-gnu'
host_alias=''
host_cpu='i686'
host_os='linux-gnu'
host_vendor='pc'
includedir='${prefix}/include'
infodir='${prefix}/info'
install_sh='/home/devel/debian/security/snort/packages/2.7/snort-2.7.0/install-sh'
libdir='${exec_prefix}/lib'
libexecdir='${exec_prefix}/libexec'
localstatedir='${prefix}/var'
mandir='${exec_prefix}/share/man'
mkdir_p='mkdir -p --'
oldincludedir='/usr/include'
prefix='/usr'
program_transform_name='s,x,x,'
sbindir='${exec_prefix}/sbin'
sharedstatedir='${prefix}/com'
sysconfdir='${prefix}/etc'
target_alias=''

## ----------- ##
## confdefs.h. ##
## ----------- ##

#define HAVE_STDLIB_H 1
#define HAVE_STRING_H 1
#define HAVE_SYS_STAT_H 1
#define HAVE_SYS_TYPES_H 1
#define PACKAGE "snort"
#define PACKAGE_BUGREPORT ""
#define PACKAGE_NAME ""
#define PACKAGE_STRING ""
#define PACKAGE_TARNAME ""
#define PACKAGE_VERSION ""
#define STDC_HEADERS 1
#define VERSION "2.7.0"

configure: caught signal 2
configure: exit 1
